# JRE version: OpenJDK Runtime Environment Temurin-17.0.14+7 (17.0.14+7) (build 17.0.14+7)
# Java VM: OpenJDK 64-Bit Server VM Temurin-17.0.14+7 (17.0.14+7, mixed mode, sharing, tiered, compressed oops, compressed class ptrs, g1 gc, windows-amd64)
GC Precious Log:
 CPUs: 12 total, 12 available
 Memory: 11920M
 Large Page Support: Disabled
 NUMA Support: Disabled
 Compressed Oops: Enabled (Zero based)
 Heap Region Size: 2M
 Heap Min Capacity: 8M
 Heap Initial Capacity: 188M
 Heap Max Capacity: 2982M
 Pre-touch: Disabled
 Parallel Workers: 10
 Concurrent Workers: 3
 Concurrent Refinement Workers: 10
 Periodic GC: Disabled
Heap:
 garbage-first heap   total 90112K, used 36461K [0x0000000745a00000, 0x0000000800000000)
  region size 2048K, 4 young (8192K), 2 survivors (4096K)
 Metaspace       used 71313K, committed 71936K, reserved 1114112K
  class space    used 9912K, committed 10240K, reserved 1048576K
GC Heap History (20 events):
Event: 10.517 GC heap before
{Heap before GC invocations=6 (full 0):
 garbage-first heap   total 61440K, used 38944K [0x0000000745a00000, 0x0000000800000000)
  region size 2048K, 12 young (24576K), 2 survivors (4096K)
 Metaspace       used 35537K, committed 35968K, reserved 1114112K
  class space    used 4738K, committed 4992K, reserved 1048576K
}
Event: 10.523 GC heap after
{Heap after GC invocations=7 (full 0):
 garbage-first heap   total 61440K, used 20540K [0x0000000745a00000, 0x0000000800000000)
  region size 2048K, 2 young (4096K), 2 survivors (4096K)
 Metaspace       used 35537K, committed 35968K, reserved 1114112K
  class space    used 4738K, committed 4992K, reserved 1048576K
}
Event: 11.232 GC heap before
{Heap before GC invocations=8 (full 0):
 garbage-first heap   total 61440K, used 43068K [0x0000000745a00000, 0x0000000800000000)
  region size 2048K, 13 young (26624K), 2 survivors (4096K)
 Metaspace       used 45108K, committed 45568K, reserved 1114112K
  class space    used 5934K, committed 6144K, reserved 1048576K
}
Event: 11.237 GC heap after
{Heap after GC invocations=9 (full 0):
 garbage-first heap   total 73728K, used 23064K [0x0000000745a00000, 0x0000000800000000)
  region size 2048K, 2 young (4096K), 2 survivors (4096K)
 Metaspace       used 45108K, committed 45568K, reserved 1114112K
  class space    used 5934K, committed 6144K, reserved 1048576K
}
Event: 11.788 GC heap before
{Heap before GC invocations=9 (full 0):
 garbage-first heap   total 73728K, used 51736K [0x0000000745a00000, 0x0000000800000000)
  region size 2048K, 17 young (34816K), 2 survivors (4096K)
 Metaspace       used 53220K, committed 53632K, reserved 1114112K
  class space    used 7019K, committed 7232K, reserved 1048576K
}
Event: 11.791 GC heap after
{Heap after GC invocations=10 (full 0):
 garbage-first heap   total 73728K, used 25076K [0x0000000745a00000, 0x0000000800000000)
  region size 2048K, 3 young (6144K), 3 survivors (6144K)
 Metaspace       used 53220K, committed 53632K, reserved 1114112K
  class space    used 7019K, committed 7232K, reserved 1048576K
}
Event: 12.091 GC heap before
{Heap before GC invocations=10 (full 0):
 garbage-first heap   total 73728K, used 49652K [0x0000000745a00000, 0x0000000800000000)
  region size 2048K, 16 young (32768K), 3 survivors (6144K)
 Metaspace       used 57926K, committed 58496K, reserved 1114112K
  class space    used 7794K, committed 8064K, reserved 1048576K
}
Event: 12.096 GC heap after
{Heap after GC invocations=11 (full 0):
 garbage-first heap   total 73728K, used 26189K [0x0000000745a00000, 0x0000000800000000)
  region size 2048K, 2 young (4096K), 2 survivors (4096K)
 Metaspace       used 57926K, committed 58496K, reserved 1114112K
  class space    used 7794K, committed 8064K, reserved 1048576K
}
Event: 12.305 GC heap before
{Heap before GC invocations=11 (full 0):
 garbage-first heap   total 73728K, used 32333K [0x0000000745a00000, 0x0000000800000000)
  region size 2048K, 6 young (12288K), 2 survivors (4096K)
 Metaspace       used 59593K, committed 60096K, reserved 1114112K
  class space    used 8018K, committed 8256K, reserved 1048576K
}
Event: 12.308 GC heap after
{Heap after GC invocations=12 (full 0):
 garbage-first heap   total 73728K, used 27068K [0x0000000745a00000, 0x0000000800000000)
  region size 2048K, 1 young (2048K), 1 survivors (2048K)
 Metaspace       used 59593K, committed 60096K, reserved 1114112K
  class space    used 8018K, committed 8256K, reserved 1048576K
}
Event: 12.903 GC heap before
{Heap before GC invocations=13 (full 0):
 garbage-first heap   total 73728K, used 55740K [0x0000000745a00000, 0x0000000800000000)
  region size 2048K, 15 young (30720K), 1 survivors (2048K)
 Metaspace       used 64884K, committed 65408K, reserved 1114112K
  class space    used 8928K, committed 9152K, reserved 1048576K
}
Event: 12.906 GC heap after
{Heap after GC invocations=14 (full 0):
 garbage-first heap   total 73728K, used 29886K [0x0000000745a00000, 0x0000000800000000)
  region size 2048K, 2 young (4096K), 2 survivors (4096K)
 Metaspace       used 64884K, committed 65408K, reserved 1114112K
  class space    used 8928K, committed 9152K, reserved 1048576K
}
Event: 13.041 GC heap before
{Heap before GC invocations=14 (full 0):
 garbage-first heap   total 73728K, used 54462K [0x0000000745a00000, 0x0000000800000000)
  region size 2048K, 15 young (30720K), 2 survivors (4096K)
 Metaspace       used 66601K, committed 67136K, reserved 1114112K
  class space    used 9293K, committed 9536K, reserved 1048576K
}
Event: 13.045 GC heap after
{Heap after GC invocations=15 (full 0):
 garbage-first heap   total 73728K, used 31543K [0x0000000745a00000, 0x0000000800000000)
  region size 2048K, 1 young (2048K), 1 survivors (2048K)
 Metaspace       used 66601K, committed 67136K, reserved 1114112K
  class space    used 9293K, committed 9536K, reserved 1048576K
}
Event: 13.157 GC heap before
{Heap before GC invocations=15 (full 0):
 garbage-first heap   total 73728K, used 56119K [0x0000000745a00000, 0x0000000800000000)
  region size 2048K, 13 young (26624K), 1 survivors (2048K)
 Metaspace       used 68137K, committed 68608K, reserved 1114112K
  class space    used 9517K, committed 9728K, reserved 1048576K
}
Event: 13.159 GC heap after
{Heap after GC invocations=16 (full 0):
 garbage-first heap   total 73728K, used 32825K [0x0000000745a00000, 0x0000000800000000)
  region size 2048K, 2 young (4096K), 2 survivors (4096K)
 Metaspace       used 68137K, committed 68608K, reserved 1114112K
  class space    used 9517K, committed 9728K, reserved 1048576K
}
Event: 13.192 GC heap before
{Heap before GC invocations=16 (full 0):
 garbage-first heap   total 73728K, used 57401K [0x0000000745a00000, 0x0000000800000000)
  region size 2048K, 14 young (28672K), 2 survivors (4096K)
 Metaspace       used 68143K, committed 68608K, reserved 1114112K
  class space    used 9517K, committed 9728K, reserved 1048576K
}
Event: 13.197 GC heap after
{Heap after GC invocations=17 (full 0):
 garbage-first heap   total 90112K, used 32131K [0x0000000745a00000, 0x0000000800000000)
  region size 2048K, 1 young (2048K), 1 survivors (2048K)
 Metaspace       used 68143K, committed 68608K, reserved 1114112K
  class space    used 9517K, committed 9728K, reserved 1048576K
}
Event: 13.755 GC heap before
{Heap before GC invocations=17 (full 0):
 garbage-first heap   total 90112K, used 71043K [0x0000000745a00000, 0x0000000800000000)
  region size 2048K, 20 young (40960K), 1 survivors (2048K)
 Metaspace       used 71012K, committed 71616K, reserved 1114112K
  class space    used 9879K, committed 10176K, reserved 1048576K
}
Event: 13.758 GC heap after
{Heap after GC invocations=18 (full 0):
 garbage-first heap   total 90112K, used 34413K [0x0000000745a00000, 0x0000000800000000)
  region size 2048K, 2 young (4096K), 2 survivors (4096K)
 Metaspace       used 71012K, committed 71616K, reserved 1114112K
  class space    used 9879K, committed 10176K, reserved 1048576K
}

